[debug] [2023-07-29T10:00:56.510Z] ----------------------------------------------------------------------
[debug] [2023-07-29T10:00:56.514Z] Command:       /Users/marianholly/.nvm/versions/node/v19.3.0/bin/node /Users/marianholly/.nvm/versions/node/v19.3.0/bin/firebase init
[debug] [2023-07-29T10:00:56.515Z] CLI Version:   12.4.6
[debug] [2023-07-29T10:00:56.515Z] Platform:      darwin
[debug] [2023-07-29T10:00:56.515Z] Node Version:  v19.3.0
[debug] [2023-07-29T10:00:56.515Z] Time:          Sat Jul 29 2023 12:00:56 GMT+0200 (Central European Summer Time)
[debug] [2023-07-29T10:00:56.516Z] ----------------------------------------------------------------------
[debug] 
[debug] [2023-07-29T10:00:56.523Z] > command requires scopes: ["email","openid","https://www.googleapis.com/auth/cloudplatformprojects.readonly","https://www.googleapis.com/auth/firebase","https://www.googleapis.com/auth/cloud-platform"]
[debug] [2023-07-29T10:00:56.523Z] > authorizing via signed-in user (marian.holly4321@gmail.com)
[info] 
     ######## #### ########  ######## ########     ###     ######  ########
     ##        ##  ##     ## ##       ##     ##  ##   ##  ##       ##
     ######    ##  ########  ######   ########  #########  ######  ######
     ##        ##  ##    ##  ##       ##     ## ##     ##       ## ##
     ##       #### ##     ## ######## ########  ##     ##  ######  ########

You're about to initialize a Firebase project in this directory:

  /Users/marianholly/Desktop/firebase-react

[info] 
=== Project Setup
[info] 
[info] First, let's associate this project directory with a Firebase project.
[info] You can create multiple project aliases by running firebase use --add, 
[info] but for now we'll just set up a default project.
[info] 
[debug] [2023-07-29T10:01:32.212Z] >>> [apiv2][query] GET https://firebase.googleapis.com/v1beta1/projects pageSize=100
[debug] [2023-07-29T10:01:32.910Z] <<< [apiv2][status] GET https://firebase.googleapis.com/v1beta1/projects 200
[debug] [2023-07-29T10:01:32.910Z] <<< [apiv2][body] GET https://firebase.googleapis.com/v1beta1/projects [omitted]
[info] i  Using project fir-course-e3654 (firebase-course) 
[info] 
=== Hosting Setup
[info] 
[info] Your public directory is the folder (relative to your project directory) that
[info] will contain Hosting assets to be uploaded with firebase deploy. If you
[info] have a build process for your assets, use your build's output directory.
[info] 
[info] ✔  Wrote public/404.html 
[debug] [2023-07-29T10:02:31.354Z] >>> [apiv2][query] GET https://www.gstatic.com/firebasejs/releases.json [none]
[debug] [2023-07-29T10:02:31.454Z] <<< [apiv2][status] GET https://www.gstatic.com/firebasejs/releases.json 200
[debug] [2023-07-29T10:02:31.455Z] <<< [apiv2][body] GET https://www.gstatic.com/firebasejs/releases.json {"current":{"version":"10.1.0","browserURL":"https://www.gstatic.com/firebasejs/10.1.0/firebase.js","packageURL":"https://www.gstatic.com/firebasejs/10.1.0/firebase.tgz"},"live":{"version":"10.1","browserURL":"https://www.gstatic.com/firebasejs/live/10.1/firebase.js","packageURL":"https://www.gstatic.com/firebasejs/live/10.1/firebase.tgz"},"components":{"analytics":"https://www.gstatic.com/firebasejs/10.1.0/firebase-analytics.js","app":"https://www.gstatic.com/firebasejs/10.1.0/firebase-app.js","app-check":"https://www.gstatic.com/firebasejs/10.1.0/firebase-app-check.js","auth":"https://www.gstatic.com/firebasejs/10.1.0/firebase-auth.js","auth/cordova":"https://www.gstatic.com/firebasejs/10.1.0/firebase-auth/cordova.js","functions":"https://www.gstatic.com/firebasejs/10.1.0/firebase-functions.js","firestore":"https://www.gstatic.com/firebasejs/10.1.0/firebase-firestore.js","firestore/lite":"https://www.gstatic.com/firebasejs/10.1.0/firebase-firestore/lite.js","installations":"https://www.gstatic.com/firebasejs/10.1.0/firebase-installations.js","storage":"https://www.gstatic.com/firebasejs/10.1.0/firebase-storage.js","performance":"https://www.gstatic.com/firebasejs/10.1.0/firebase-performance.js","remote-config":"https://www.gstatic.com/firebasejs/10.1.0/firebase-remote-config.js","messaging":"https://www.gstatic.com/firebasejs/10.1.0/firebase-messaging.js","messaging/sw":"https://www.gstatic.com/firebasejs/10.1.0/firebase-messaging/sw.js","database":"https://www.gstatic.com/firebasejs/10.1.0/firebase-database.js","firestore.memory":"https://www.gstatic.com/firebasejs/10.1.0/firebase-firestore.memory.js"}}
[info] ✔  Wrote public/index.html 
[info] 
[info] i  Didn't detect a .git folder. Assuming /Users/marianholly/Desktop/firebase-react is the project root. 
[info] i  Authorizing with GitHub to upload your service account to a GitHub repository's secrets store. 
[info] 
[info] Visit this URL on this device to log in:
[info] https://github.com/login/oauth/authorize?client_id=89cf50f02ac6aaed3484&state=917080817&redirect_uri=http%3A%2F%2Flocalhost%3A9005&scope=read%3Auser%20repo%20public_repo
[info] 
[info] Waiting for authentication...
[debug] [2023-07-29T10:03:09.758Z] >>> [apiv2][query] POST https://github.com/login/oauth/access_token [none]
[debug] [2023-07-29T10:03:09.759Z] >>> [apiv2][body] POST https://github.com/login/oauth/access_token [stream]
[debug] [2023-07-29T10:03:10.000Z] <<< [apiv2][status] POST https://github.com/login/oauth/access_token 200
[debug] [2023-07-29T10:03:10.001Z] <<< [apiv2][body] POST https://github.com/login/oauth/access_token {"access_token":"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","token_type":"bearer","scope":"read:user,repo"}
[debug] [2023-07-29T10:03:10.012Z] >>> [apiv2][query] GET https://api.github.com/user [none]
[debug] [2023-07-29T10:03:10.304Z] <<< [apiv2][status] GET https://api.github.com/user 200
[debug] [2023-07-29T10:03:10.304Z] <<< [apiv2][body] GET https://api.github.com/user {"login":"MajkoDev","id":97178172,"node_id":"U_kgDOBcrSPA","avatar_url":"https://avatars.githubusercontent.com/u/97178172?v=4","gravatar_id":"","url":"https://api.github.com/users/MajkoDev","html_url":"https://github.com/MajkoDev","followers_url":"https://api.github.com/users/MajkoDev/followers","following_url":"https://api.github.com/users/MajkoDev/following{/other_user}","gists_url":"https://api.github.com/users/MajkoDev/gists{/gist_id}","starred_url":"https://api.github.com/users/MajkoDev/starred{/owner}{/repo}","subscriptions_url":"https://api.github.com/users/MajkoDev/subscriptions","organizations_url":"https://api.github.com/users/MajkoDev/orgs","repos_url":"https://api.github.com/users/MajkoDev/repos","events_url":"https://api.github.com/users/MajkoDev/events{/privacy}","received_events_url":"https://api.github.com/users/MajkoDev/received_events","type":"User","site_admin":false,"name":"Stupel","company":null,"blog":"https://majkodev.netlify.app","location":"Slovakia","email":null,"hireable":null,"bio":"photo of me, when I was about 10. \r\nnot a huge fan of social media, or photography in general.","twitter_username":null,"public_repos":37,"public_gists":0,"followers":0,"following":5,"created_at":"2022-01-05T14:55:08Z","updated_at":"2023-07-26T11:21:23Z","private_gists":0,"total_private_repos":26,"owned_private_repos":26,"disk_usage":273313,"collaborators":0,"two_factor_authentication":false,"plan":{"name":"free","space":976562499,"collaborators":0,"private_repos":10000}}
[info] 
[info] ✔  Success! Logged into GitHub as MajkoDev 
[info] 
